{"/home/sadman/learn_jenkins/jenkins-test/test.js":{"path":"/home/sadman/learn_jenkins/jenkins-test/test.js","s":{"1":1,"2":1,"3":1,"4":1},"b":{},"f":{"1":1,"2":1},"fnMap":{"1":{"name":"(anonymous_1)","line":30,"loc":{"start":{"line":30,"column":19},"end":{"line":30,"column":29}}},"2":{"name":"(anonymous_2)","line":32,"loc":{"start":{"line":32,"column":35},"end":{"line":32,"column":45}}}},"statementMap":{"1":{"start":{"line":28,"column":0},"end":{"line":28,"column":30}},"2":{"start":{"line":30,"column":0},"end":{"line":35,"column":2}},"3":{"start":{"line":32,"column":2},"end":{"line":34,"column":5}},"4":{"start":{"line":33,"column":4},"end":{"line":33,"column":23}}},"branchMap":{}}}